2022-09-27 18:31:17,648 Generated layer profile with 2 layers:
2022-09-27 18:31:17,649 ["('cx', (Qubit(QuantumRegister(3, 'q'), 1), Qubit(QuantumRegister(3, 'q'), 2)))"]
2022-09-27 18:31:17,649 ["('cx', (Qubit(QuantumRegister(3, 'q'), 0), Qubit(QuantumRegister(3, 'q'), 1)))"]
2022-09-27 18:31:17,654 Created pauli bases
2022-09-27 18:31:17,654 ['XXX', 'YXY', 'ZXZ', 'XYX', 'YYY', 'ZYZ', 'XZX', 'YZY', 'ZZZ']
2022-09-27 18:31:17,656 Created model with the following terms:
2022-09-27 18:31:17,656 {'IXI', 'YII', 'ZII', 'IYI', 'IYX', 'XZI', 'ZZI', 'IZI', 'ZYI', 'IYY', 'XYI', 'IYZ', 'IXY', 'XXI', 'XII', 'IXZ', 'IZZ', 'IXX', 'IZX', 'IIZ', 'YZI', 'IIX', 'YXI', 'IZY', 'ZXI', 'IIY', 'YYI'}
2022-09-27 18:31:17,758 Chose single bases:
2022-09-27 18:31:17,759 ['ZZI', 'IXI', 'YZI', 'YYI', 'ZYI', 'IYI']
2022-09-27 18:31:48,971 Created experiment consisting of 1650 instances
2022-09-27 18:31:49,005 Chose single bases:
2022-09-27 18:31:49,005 ['IXX', 'IYI', 'IZI', 'IZX', 'IXY', 'IYX']
2022-09-27 18:32:19,787 Created experiment consisting of 1650 instances
2022-09-27 18:33:25,788 Fit noise model with following fidelities:
2022-09-27 18:33:25,788 [0.9863986460464348, 0.9912608907982634, 0.9913205521725741, 0.990432202661082, 0.9987494377076014, 0.9902294991698325, 0.9906379641365592, 0.989556397900262, 0.999403509828182, 0.9915089402333302, 0.9921082190481617, 1.0001232710380537, 0.9900492815379139, 0.9938952178618229, 0.9881098682736279, 0.9900491671405953, 0.9905189394981109, 0.9922046357639296, 0.9982693518149289, 0.9912663145358305, 0.9886263155785301, 0.9924985222535931, 0.9907332376619961, 1.0043893362221332, 0.9905866060568973, 0.9908668620148786, 0.9942207007340765]
2022-09-27 18:33:25,815 Fit noise model with following fidelities:
2022-09-27 18:33:25,815 [0.9956348791999354, 0.9944344054383277, 0.999424562927762, 0.9705780412485275, 0.9686584787483289, 0.999605091383141, 0.9746282969314587, 0.9962045307882953, 0.966399389363467, 0.9995203254467293, 0.9911222586400554, 0.9951937913927512, 0.9950147542059863, 0.9955519605288542, 0.9755064099161508, 0.9928302526128507, 0.9633040358014071, 0.9927207372140723, 0.991885137351517, 0.9917814263784072, 0.9929053079493193, 0.9981673957011514, 0.9815542328781843, 0.9924061737342684, 0.9651761502309967, 0.9919649494600693, 0.9930311533805499]
2022-09-27 18:37:00,696 Generated layer profile with 2 layers:
2022-09-27 18:37:00,696 ["('cx', (Qubit(QuantumRegister(3, 'q'), 1), Qubit(QuantumRegister(3, 'q'), 2)))"]
2022-09-27 18:37:00,697 ["('cx', (Qubit(QuantumRegister(3, 'q'), 0), Qubit(QuantumRegister(3, 'q'), 1)))"]
2022-09-27 18:37:00,699 Created pauli bases
2022-09-27 18:37:00,699 ['XXX', 'YXY', 'ZXZ', 'XYX', 'YYY', 'ZYZ', 'XZX', 'YZY', 'ZZZ']
2022-09-27 18:37:00,699 Created model with the following terms:
2022-09-27 18:37:00,699 {'IXI', 'YII', 'ZII', 'IYI', 'IYX', 'XZI', 'ZZI', 'IZI', 'ZYI', 'IYY', 'XYI', 'IYZ', 'IXY', 'XXI', 'XII', 'IXZ', 'IZZ', 'IXX', 'IZX', 'IIZ', 'YZI', 'IIX', 'YXI', 'IZY', 'ZXI', 'IIY', 'YYI'}
2022-09-27 18:37:00,829 Chose single bases:
2022-09-27 18:37:00,830 ['ZZI', 'IXI', 'YZI', 'YYI', 'ZYI', 'IYI']
2022-09-27 18:37:29,809 Created experiment consisting of 1650 instances
2022-09-27 18:37:29,842 Chose single bases:
2022-09-27 18:37:29,843 ['IXX', 'IYI', 'IZI', 'IZX', 'IXY', 'IYX']
2022-09-27 18:37:58,906 Created experiment consisting of 1650 instances
2022-09-27 18:39:00,310 Fit noise model with following fidelities:
2022-09-27 18:39:00,310 [0.9986770171559561, 0.9913506608278863, 0.9912793505165467, 0.9915638422500388, 0.9993969691101031, 0.9906352653921041, 0.990771788112077, 0.9905393179827622, 0.9989781143603057, 0.9918119586508672, 0.9915790035062867, 0.9998862323662359, 0.9898401065348286, 0.9911974749348531, 0.9907441341184594, 0.991259344562167, 0.990080851785596, 0.9834588999756122, 0.9941881734821512, 0.9899031582099329, 0.9876582174438754, 0.9923941924625299, 0.9900020109015844, 0.9898601522623485, 0.9918579037060878, 0.988635196220228, 0.9918379433153164]
2022-09-27 18:39:00,338 Fit noise model with following fidelities:
2022-09-27 18:39:00,338 [0.9956628070442249, 0.9950676855865971, 0.9995582530570145, 0.9502404328648839, 0.9666156266513134, 0.9997381071500552, 0.9696351057903296, 0.9951882023906325, 0.9665672872661261, 0.9996748564544304, 0.9922711800422203, 0.9955443055535815, 0.9957945502461952, 1.0023859188200266, 0.9730500470681247, 0.9942961119919989, 0.9660480200259558, 0.9933741988316545, 0.9929880810717783, 0.9941045615452213, 0.9923867732281066, 0.9905885321091964, 0.9504557633951727, 0.9921744842633256, 0.9630249707000653, 0.9920304305800718, 0.9918803106388416]
